<?xml version="1.0" encoding="UTF-8"?>
<!-- Generated by org.testng.reporters.JUnitXMLReporter -->
<testsuite hostname="DESKTOP-7D3TAMJ" ignored="0" name="CT0004" tests="1" failures="1" timestamp="2020-09-14T21:24:27 BRT" time="23.324" errors="0">
  <testcase name="CT0004" time="12.46" classname="teste.web.regressivo.adicionarProduto.CT0004">
    <failure type="org.openqa.selenium.ElementClickInterceptedException" message="element click intercepted: Element &amp;lt;span id=&amp;quot;miceTxt&amp;quot; aria-label=&amp;quot;MiceCategoryTxt&amp;quot; class=&amp;quot;shop_now roboto-bold ng-binding&amp;quot; role=&amp;quot;link&amp;quot; href=&amp;quot;javascript:void(0)&amp;quot;&amp;gt;...&amp;lt;/span&amp;gt; is not clickable at point (643, 572). Other element would receive the click: &amp;lt;div class=&amp;quot;PopUp&amp;quot; style=&amp;quot;display: block;&amp;quot;&amp;gt;...&amp;lt;/div&amp;gt;
  (Session info: chrome=85.0.4183.102)
Build info: version: &amp;apos;3.11.0&amp;apos;, revision: &amp;apos;e59cfb3&amp;apos;, time: &amp;apos;2018-03-11T20:26:55.152Z&amp;apos;
System info: host: &amp;apos;DESKTOP-7D3TAMJ&amp;apos;, ip: &amp;apos;192.168.0.104&amp;apos;, os.name: &amp;apos;Windows 10&amp;apos;, os.arch: &amp;apos;amd64&amp;apos;, os.version: &amp;apos;10.0&amp;apos;, java.version: &amp;apos;1.8.0_261&amp;apos;
Driver info: org.openqa.selenium.chrome.ChromeDriver
Capabilities {acceptInsecureCerts: false, browserName: chrome, browserVersion: 85.0.4183.102, chrome: {chromedriverVersion: 84.0.4147.30 (48b3e868b4cc0..., userDataDir: C:\Users\User\AppData\Local...}, goog:chromeOptions: {debuggerAddress: localhost:51619}, javascriptEnabled: true, networkConnectionEnabled: false, pageLoadStrategy: normal, platform: WINDOWS, platformName: WINDOWS, proxy: Proxy(), setWindowRect: true, strictFileInteractability: false, timeouts: {implicit: 0, pageLoad: 300000, script: 30000}, unhandledPromptBehavior: dismiss and notify, webauthn:virtualAuthenticators: true}
Session ID: bd376e95d86067d5574b60d0a711d91a">
      <![CDATA[org.openqa.selenium.ElementClickInterceptedException: element click intercepted: Element <span id="miceTxt" aria-label="MiceCategoryTxt" class="shop_now roboto-bold ng-binding" role="link" href="javascript:void(0)">...</span> is not clickable at point (643, 572). Other element would receive the click: <div class="PopUp" style="display: block;">...</div>
  (Session info: chrome=85.0.4183.102)
Build info: version: '3.11.0', revision: 'e59cfb3', time: '2018-03-11T20:26:55.152Z'
System info: host: 'DESKTOP-7D3TAMJ', ip: '192.168.0.104', os.name: 'Windows 10', os.arch: 'amd64', os.version: '10.0', java.version: '1.8.0_261'
Driver info: org.openqa.selenium.chrome.ChromeDriver
Capabilities {acceptInsecureCerts: false, browserName: chrome, browserVersion: 85.0.4183.102, chrome: {chromedriverVersion: 84.0.4147.30 (48b3e868b4cc0..., userDataDir: C:\Users\User\AppData\Local...}, goog:chromeOptions: {debuggerAddress: localhost:51619}, javascriptEnabled: true, networkConnectionEnabled: false, pageLoadStrategy: normal, platform: WINDOWS, platformName: WINDOWS, proxy: Proxy(), setWindowRect: true, strictFileInteractability: false, timeouts: {implicit: 0, pageLoad: 300000, script: 30000}, unhandledPromptBehavior: dismiss and notify, webauthn:virtualAuthenticators: true}
Session ID: bd376e95d86067d5574b60d0a711d91a
at org.openqa.selenium.remote.http.W3CHttpResponseCodec.createException(W3CHttpResponseCodec.java:187)
at org.openqa.selenium.remote.http.W3CHttpResponseCodec.decode(W3CHttpResponseCodec.java:122)
at org.openqa.selenium.remote.http.W3CHttpResponseCodec.decode(W3CHttpResponseCodec.java:49)
at org.openqa.selenium.remote.HttpCommandExecutor.execute(HttpCommandExecutor.java:158)
at org.openqa.selenium.remote.service.DriverCommandExecutor.execute(DriverCommandExecutor.java:83)
at org.openqa.selenium.remote.RemoteWebDriver.execute(RemoteWebDriver.java:545)
at org.openqa.selenium.remote.RemoteWebElement.execute(RemoteWebElement.java:279)
at org.openqa.selenium.remote.RemoteWebElement.click(RemoteWebElement.java:83)
at com.edsoft.framework.controls.internals.ControlBase.click(ControlBase.java:26)
at com.edsoft.framework.controls.api.ControlHandler.invoke(ControlHandler.java:42)
at com.sun.proxy.$Proxy31.click(Unknown Source)
at pagina.web.home.HomePage.selecionarCategorira(HomePage.java:92)
at funcionalidade.web.menu.MenuFunc.selecionarCategoriaDoProduto(MenuFunc.java:24)
at teste.web.regressivo.adicionarProduto.CT0004.CT0004(CT0004.java:36)
at java.util.ArrayList.forEach(Unknown Source)
... Removed 34 stack frames]]>
    </failure>
  </testcase> <!-- CT0004 -->
</testsuite> <!-- CT0004 -->
